<?xml version="1.0" encoding="UTF-8"?>
<!-- Generated by org.testng.reporters.JUnitReportReporter -->
<testsuite hostname="EVT01223NB" failures="4" tests="11" name="runner.TestRunner" time="12.296" errors="0" timestamp="2021-02-02T23:18:12 TRT" skipped="0">
  <testcase classname="runner.TestRunner" name="runScenario" time="2.215"/>
  <system-out/>
  <testcase classname="runner.TestRunner" name="runScenario" time="0.859"/>
  <system-out/>
  <testcase classname="runner.TestRunner" name="runScenario" time="1.009"/>
  <system-out/>
  <testcase classname="runner.TestRunner" name="runScenario" time="0.849">
    <failure message="expected:&lt;[4]00&gt; but was:&lt;[2]00&gt;" type="org.junit.ComparisonFailure">
      <![CDATA[org.junit.ComparisonFailure: expected:<[4]00> but was:<[2]00>
at java.base/jdk.internal.reflect.NativeConstructorAccessorImpl.newInstance0(Native Method)
at java.base/jdk.internal.reflect.NativeConstructorAccessorImpl.newInstance(NativeConstructorAccessorImpl.java:64)
at java.base/jdk.internal.reflect.DelegatingConstructorAccessorImpl.newInstance(DelegatingConstructorAccessorImpl.java:45)
at java.base/java.lang.reflect.Constructor.newInstanceWithCaller(Constructor.java:500)
at stepdefinitions.StepDefinitions.checkResponseStatus(StepDefinitions.java:52)
at ✽.Response status should be 400(file:///D:/Projects/billiemission2120/BillieMission2120TestFramework/src/test/resources/features/createBooking.feature:14)
]]>
    </failure>
  </testcase> <!-- runScenario -->
  <system-out/>
  <testcase classname="runner.TestRunner" name="runScenario" time="1.073"/>
  <system-out/>
  <testcase classname="runner.TestRunner" name="runScenario" time="1.068">
    <failure message="
Expecting value to be true but was false expected:&lt;[tru]e&gt; but was:&lt;[fals]e&gt;" type="org.junit.ComparisonFailure">
      <![CDATA[org.junit.ComparisonFailure: 
Expecting value to be true but was false expected:<[tru]e> but was:<[fals]e>
at java.base/jdk.internal.reflect.NativeConstructorAccessorImpl.newInstance0(Native Method)
at java.base/jdk.internal.reflect.NativeConstructorAccessorImpl.newInstance(NativeConstructorAccessorImpl.java:64)
at java.base/jdk.internal.reflect.DelegatingConstructorAccessorImpl.newInstance(DelegatingConstructorAccessorImpl.java:45)
at java.base/java.lang.reflect.Constructor.newInstanceWithCaller(Constructor.java:500)
at stepdefinitions.StepDefinitions.hasException(StepDefinitions.java:118)
at ✽.Should throw exception(file:///D:/Projects/billiemission2120/BillieMission2120TestFramework/src/test/resources/features/updateBooking.feature:18)
]]>
    </failure>
  </testcase> <!-- runScenario -->
  <system-out/>
  <testcase classname="runner.TestRunner" name="runScenario" time="1.111"/>
  <system-out/>
  <testcase classname="runner.TestRunner" name="runScenario" time="1.007"/>
  <system-out/>
  <testcase classname="runner.TestRunner" name="runScenario" time="0.892">
    <failure message="expected:&lt;[4]00&gt; but was:&lt;[2]00&gt;" type="org.junit.ComparisonFailure">
      <![CDATA[org.junit.ComparisonFailure: expected:<[4]00> but was:<[2]00>
at java.base/jdk.internal.reflect.NativeConstructorAccessorImpl.newInstance0(Native Method)
at java.base/jdk.internal.reflect.NativeConstructorAccessorImpl.newInstance(NativeConstructorAccessorImpl.java:64)
at java.base/jdk.internal.reflect.DelegatingConstructorAccessorImpl.newInstance(DelegatingConstructorAccessorImpl.java:45)
at java.base/java.lang.reflect.Constructor.newInstanceWithCaller(Constructor.java:500)
at stepdefinitions.StepDefinitions.checkResponseStatus(StepDefinitions.java:52)
at ✽.Response status should be 400(file:///D:/Projects/billiemission2120/BillieMission2120TestFramework/src/test/resources/features/createBooking.feature:14)
]]>
    </failure>
  </testcase> <!-- runScenario -->
  <system-out/>
  <testcase classname="runner.TestRunner" name="runScenario" time="1.124"/>
  <system-out/>
  <testcase classname="runner.TestRunner" name="runScenario" time="1.089">
    <failure message="
Expecting value to be true but was false expected:&lt;[tru]e&gt; but was:&lt;[fals]e&gt;" type="org.junit.ComparisonFailure">
      <![CDATA[org.junit.ComparisonFailure: 
Expecting value to be true but was false expected:<[tru]e> but was:<[fals]e>
at java.base/jdk.internal.reflect.NativeConstructorAccessorImpl.newInstance0(Native Method)
at java.base/jdk.internal.reflect.NativeConstructorAccessorImpl.newInstance(NativeConstructorAccessorImpl.java:64)
at java.base/jdk.internal.reflect.DelegatingConstructorAccessorImpl.newInstance(DelegatingConstructorAccessorImpl.java:45)
at java.base/java.lang.reflect.Constructor.newInstanceWithCaller(Constructor.java:500)
at stepdefinitions.StepDefinitions.hasException(StepDefinitions.java:118)
at ✽.Should throw exception(file:///D:/Projects/billiemission2120/BillieMission2120TestFramework/src/test/resources/features/updateBooking.feature:18)
]]>
    </failure>
  </testcase> <!-- runScenario -->
  <system-out/>
</testsuite> <!-- runner.TestRunner -->
