<?xml version="1.0" encoding="UTF-8"?>
<!-- Generated by org.testng.reporters.JUnitXMLReporter -->
<testsuite ignored="0" hostname="EVT01223NB" failures="4" tests="11" name="Surefire test" time="13.127" errors="0" timestamp="2021-02-02T23:18:12 TRT">
  <testcase classname="io.cucumber.testng.AbstractTestNGCucumberTests" name="runScenario" time="2.215"/>
  <testcase classname="io.cucumber.testng.AbstractTestNGCucumberTests" name="runScenario" time="0.892">
    <failure type="org.junit.ComparisonFailure" message="expected:&amp;lt;[4]00&amp;gt; but was:&amp;lt;[2]00&amp;gt;">
      <![CDATA[org.junit.ComparisonFailure: expected:<[4]00> but was:<[2]00>
at stepdefinitions.StepDefinitions.checkResponseStatus(StepDefinitions.java:52)
at ✽.Response status should be 400(file:///D:/Projects/billiemission2120/BillieMission2120TestFramework/src/test/resources/features/createBooking.feature:14)
... Removed 4 stack frames]]>
    </failure>
  </testcase> <!-- runScenario -->
  <testcase classname="io.cucumber.testng.AbstractTestNGCucumberTests" name="runScenario" time="0.849">
    <failure type="org.junit.ComparisonFailure" message="expected:&amp;lt;[4]00&amp;gt; but was:&amp;lt;[2]00&amp;gt;">
      <![CDATA[org.junit.ComparisonFailure: expected:<[4]00> but was:<[2]00>
at stepdefinitions.StepDefinitions.checkResponseStatus(StepDefinitions.java:52)
at ✽.Response status should be 400(file:///D:/Projects/billiemission2120/BillieMission2120TestFramework/src/test/resources/features/createBooking.feature:14)
... Removed 4 stack frames]]>
    </failure>
  </testcase> <!-- runScenario -->
  <testcase classname="io.cucumber.testng.AbstractTestNGCucumberTests" name="runScenario" time="0.859"/>
  <testcase classname="io.cucumber.testng.AbstractTestNGCucumberTests" name="runScenario" time="1.124"/>
  <testcase classname="io.cucumber.testng.AbstractTestNGCucumberTests" name="runScenario" time="1.073"/>
  <testcase classname="io.cucumber.testng.AbstractTestNGCucumberTests" name="runScenario" time="1.009"/>
  <testcase classname="io.cucumber.testng.AbstractTestNGCucumberTests" name="runScenario" time="1.111"/>
  <testcase classname="io.cucumber.testng.AbstractTestNGCucumberTests" name="runScenario" time="1.089">
    <failure type="org.junit.ComparisonFailure" message="
Expecting value to be true but was false expected:&amp;lt;[tru]e&amp;gt; but was:&amp;lt;[fals]e&amp;gt;">
      <![CDATA[org.junit.ComparisonFailure: 
Expecting value to be true but was false expected:<[tru]e> but was:<[fals]e>
at stepdefinitions.StepDefinitions.hasException(StepDefinitions.java:118)
at ✽.Should throw exception(file:///D:/Projects/billiemission2120/BillieMission2120TestFramework/src/test/resources/features/updateBooking.feature:18)
... Removed 4 stack frames]]>
    </failure>
  </testcase> <!-- runScenario -->
  <testcase classname="io.cucumber.testng.AbstractTestNGCucumberTests" name="runScenario" time="1.068">
    <failure type="org.junit.ComparisonFailure" message="
Expecting value to be true but was false expected:&amp;lt;[tru]e&amp;gt; but was:&amp;lt;[fals]e&amp;gt;">
      <![CDATA[org.junit.ComparisonFailure: 
Expecting value to be true but was false expected:<[tru]e> but was:<[fals]e>
at stepdefinitions.StepDefinitions.hasException(StepDefinitions.java:118)
at ✽.Should throw exception(file:///D:/Projects/billiemission2120/BillieMission2120TestFramework/src/test/resources/features/updateBooking.feature:18)
... Removed 4 stack frames]]>
    </failure>
  </testcase> <!-- runScenario -->
  <testcase classname="io.cucumber.testng.AbstractTestNGCucumberTests" name="runScenario" time="1.007"/>
</testsuite> <!-- Surefire test -->
